<?xml version="1.0" encoding="UTF-8"?>
<!-- Generated by org.testng.reporters.JUnitReportReporter -->
<testsuite hostname="SR" failures="0" tests="2" name="com.test.AppTest" time="0.015" errors="0" timestamp="2024-10-17T10:59:31 IST" skipped="0">
  <testcase classname="com.test.AppTest" name="testlogin1" time="0.015"/>
  <testcase classname="com.test.AppTest" name="testlogin2" time="0.000"/>
</testsuite> <!-- com.test.AppTest -->
